{
  "RSpec": {
    "coverage": {
      "/Users/campuscode03/workspace/financasemfamilia/app/models/revenue.rb": [
        1,
        1,
        null,
        null,
        1,
        0,
        null,
        null
      ],
      "/Users/campuscode03/workspace/financasemfamilia/app/models/expense.rb": [
        1,
        1,
        null,
        null,
        1,
        0,
        null,
        null
      ],
      "/Users/campuscode03/workspace/financasemfamilia/app/controllers/home_controller.rb": [
        1,
        1,
        null
      ],
      "/Users/campuscode03/workspace/financasemfamilia/app/controllers/application_controller.rb": [
        1,
        1,
        null,
        1,
        null,
        1,
        2,
        2,
        null,
        null
      ],
      "/Users/campuscode03/workspace/financasemfamilia/app/controllers/revenues_controller.rb": [
        1,
        1,
        1,
        1,
        1,
        null,
        null,
        1,
        1,
        1,
        1,
        1,
        1,
        null,
        0,
        null,
        null,
        null,
        1,
        null,
        1,
        1,
        null,
        null
      ],
      "/Users/campuscode03/workspace/financasemfamilia/app/models/revenue_type.rb": [
        1,
        1,
        null,
        null,
        null
      ],
      "/Users/campuscode03/workspace/financasemfamilia/app/controllers/cash_flows_controller.rb": [
        1,
        null,
        1,
        1,
        1,
        1,
        31,
        31,
        null,
        null,
        null,
        null
      ],
      "/Users/campuscode03/workspace/financasemfamilia/app/models/cash_flow.rb": [
        1,
        1,
        null,
        1,
        null,
        31,
        31,
        31,
        31,
        31,
        null,
        31,
        2,
        null,
        null,
        31,
        31,
        31,
        2,
        null,
        null,
        null,
        null,
        1,
        64,
        null,
        null,
        null,
        1,
        64,
        null,
        null,
        null
      ],
      "/Users/campuscode03/workspace/financasemfamilia/app/channels/application_cable/channel.rb": [
        0,
        0,
        0,
        0
      ],
      "/Users/campuscode03/workspace/financasemfamilia/app/channels/application_cable/connection.rb": [
        0,
        0,
        0,
        0
      ],
      "/Users/campuscode03/workspace/financasemfamilia/app/controllers/expenses_controller.rb": [
        0,
        0,
        0,
        0,
        0,
        null,
        0,
        0,
        0,
        0,
        null,
        0,
        0,
        0,
        0,
        0,
        0,
        0,
        0,
        0,
        0,
        null,
        0,
        null,
        0,
        0,
        0,
        0
      ],
      "/Users/campuscode03/workspace/financasemfamilia/app/helpers/application_helper.rb": [
        0,
        0
      ],
      "/Users/campuscode03/workspace/financasemfamilia/app/jobs/application_job.rb": [
        0,
        0
      ],
      "/Users/campuscode03/workspace/financasemfamilia/app/mailers/application_mailer.rb": [
        0,
        0,
        0,
        0
      ],
      "/Users/campuscode03/workspace/financasemfamilia/app/models/application_record.rb": [
        0,
        0,
        0
      ],
      "/Users/campuscode03/workspace/financasemfamilia/app/models/expense_type.rb": [
        0,
        0,
        0,
        0,
        0,
        0,
        0
      ],
      "/Users/campuscode03/workspace/financasemfamilia/app/models/user.rb": [
        0,
        null,
        null,
        0,
        0,
        0
      ]
    },
    "timestamp": 1532568715
  }
}
